<?xml version="1.0" encoding="UTF-8"?>
<!-- Generated by org.testng.reporters.JUnitXMLReporter -->
<testsuite ignored="6" hostname="DESKTOP-7S20RHE" failures="1" tests="12" name="Group_Test" time="74.326" errors="0" timestamp="2024-10-27T23:52:40 IST">
  <testcase classname="TestCase.inventoryTestCase" name="verifytitle" time="0.039"/>
  <testcase classname="TestCase.inventoryTestCase" name="verifytwitter" time="0.305"/>
  <testcase classname="TestCase.CartTestcase" name="verifychchbtn" time="0.091"/>
  <testcase classname="TestCase.CartTestcase" name="verifytitle" time="0.012"/>
  <testcase classname="TestCase.loginTestcase" name="logintoapplicatio" time="0.533"/>
  <testcase classname="TestCase.loginTestcase" name="testtitle" time="1.236"/>
  <testcase classname="TestCase.loginTestcase" name="verifymullogin" time="1.616"/>
  <testcase classname="TestCase.loginTestcase" name="verifymullogin" time="0.5">
    <failure type="java.lang.AssertionError" message="The following asserts failed:
	expected [https://www.saucedemo.com/] but found [https://www.saucedemo.com/inventory.html]">
      <![CDATA[java.lang.AssertionError: The following asserts failed:
expected [https://www.saucedemo.com/] but found [https://www.saucedemo.com/inventory.html]
at TestCase.loginTestcase.verifymullogin(loginTestcase.java:57)
at java.base/java.util.ArrayList.forEach(ArrayList.java:1511)
... Removed 29 stack frames]]>
    </failure>
  </testcase> <!-- verifymullogin -->
  <testcase classname="TestCase.loginTestcase" name="verifymullogin" time="0.531"/>
  <testcase classname="TestCase.loginTestcase" name="verifymullogin" time="5.486"/>
  <testcase classname="TestCase.loginTestcase" name="verifymullogin" time="0.392"/>
  <testcase classname="TestCase.loginTestcase" name="verifymullogin" time="0.469"/>
  <testcase classname="TestCase.loginTestcase" name="testurl" time="0.0">
    <ignored/>
  </testcase> <!-- testurl -->
  <testcase classname="TestCase.CheckoutPageTestcase" name="veriftcanvelbtn" time="0.0">
    <ignored/>
  </testcase> <!-- veriftcanvelbtn -->
  <testcase classname="TestCase.CartTestcase" name="verifyctnbtn" time="0.0">
    <ignored/>
  </testcase> <!-- verifyctnbtn -->
  <testcase classname="TestCase.CheckoutPageTestcase" name="verifylabelable" time="0.0">
    <ignored/>
  </testcase> <!-- verifylabelable -->
  <testcase classname="TestCase.inventoryTestCase" name="verifycart" time="0.0">
    <ignored/>
  </testcase> <!-- verifycart -->
  <testcase classname="TestCase.CheckoutPageTestcase" name="inputinfo" time="0.0">
    <ignored/>
  </testcase> <!-- inputinfo -->
</testsuite> <!-- Group_Test -->
